mktextfm t1xtt
mktextfm t1xss
mktextfm t1xss
mktextfm t1xtt
mktextfm t1xtt
mktextfm t1xttsl
mktextfm nullfont
mktextfm t1xtt
mktextfm t1xbtt
mktextfm nullfont
mktextfm t1xtt
mktextfm t1xtt
mktextfm t1xtt
mktextfm t1xtt
mktextfm t1xtt
mktextfm t1xtt
mktextfm t1xss
mktextfm t1xss
mktextfm t1xtt
mktextfm t1xttsl
mktextfm nullfont
mktextfm t1xtt
mktextfm t1xbtt
mktextfm nullfont
mktextfm t1xtt
mktextfm t1xtt
mktextfm t1xtt
mktextfm t1xtt
mktextfm t1xtt
mktextfm t1xss
mktextfm t1xss
mktextfm t1xtt
mktextfm t1xttsl
mktextfm nullfont
mktextfm t1xtt
mktextfm t1xbtt
mktextfm nullfont
mktextfm t1xtt
mktextfm t1xtt
mktextfm t1xtt
mktextfm t1xtt
mktextfm t1xtt
mktextfm t1xss
mktextfm t1xss
mktextfm t1xtt
mktextfm t1xttsl
mktextfm nullfont
mktextfm t1xtt
mktextfm t1xbtt
mktextfm nullfont
mktextfm t1xtt
mktextfm t1xtt
